<?xml version="1.0" encoding="UTF-8"?>
<!-- Generated by org.testng.reporters.JUnitReportReporter -->
<testsuite hostname="LAPTOP-OQAH9RDU" failures="0" tests="1" name="com.api.GetAPI" time="3.044" errors="0" timestamp="2021-01-08T12:06:28 EST" skipped="0">
  <testcase classname="com.api.GetAPI" name="MyOrange" time="3.044"/>
  <system-out/>
</testsuite> <!-- com.api.GetAPI -->
