<?xml version="1.0" encoding="UTF-8"?>
<!-- Generated by org.testng.reporters.JUnitReportReporter -->
<testsuite hostname="LAPTOP-OQAH9RDU" failures="0" tests="9" name="com.testNG.TestNGTest" time="8.409" errors="0" timestamp="2021-01-08T11:01:42 EST" skipped="0">
  <testcase classname="com.testNG.TestNGTest" name="MyTest6" time="1.455"/>
  <system-out/>
  <testcase classname="com.testNG.TestNGTest" name="MyTest3" time="0.116"/>
  <system-out/>
  <testcase classname="com.testNG.TestNGTest" name="MyTest91" time="0.075"/>
  <system-out/>
  <testcase classname="com.testNG.TestNGTest" name="MyTest9" time="0.438"/>
  <system-out/>
  <testcase classname="com.testNG.TestNGTest" name="MyTest4" time="2.505"/>
  <system-out/>
  <testcase classname="com.testNG.TestNGTest" name="MyTest8" time="0.751"/>
  <system-out/>
  <testcase classname="com.testNG.TestNGTest" name="MyTest2" time="0.139"/>
  <system-out/>
  <testcase classname="com.testNG.TestNGTest" name="MyTest5" time="2.052"/>
  <system-out/>
  <testcase classname="com.testNG.TestNGTest" name="MyTest7" time="0.878"/>
  <system-out/>
</testsuite> <!-- com.testNG.TestNGTest -->
